<?xml version="1.0" encoding="UTF-8"?>
<!-- Generated by org.testng.reporters.JUnitReportReporter -->
<testsuite hostname="WIN-GEDESCREUP8" name="APITesting.cmbAPI.cmbGetRequest" tests="1" failures="0" timestamp="21 Jan 2018 23:49:41 GMT" time="4.062" errors="0">
  <testcase name="Test_02" time="4.062" classname="APITesting.cmbAPI.cmbGetRequest"/>
</testsuite> <!-- APITesting.cmbAPI.cmbGetRequest -->
