<?xml version="1.0" encoding="UTF-8"?>
<!-- Generated by org.testng.reporters.JUnitReportReporter -->
<testsuite hostname="WIN-GEDESCREUP8" name="APITesting.cmbAPI.CMBPosts" tests="1" failures="0" timestamp="22 Jan 2018 03:07:53 GMT" time="3.726" errors="0">
  <testcase name="Test_19" time="3.726" classname="APITesting.cmbAPI.CMBPosts"/>
</testsuite> <!-- APITesting.cmbAPI.CMBPosts -->
