<?xml version="1.0" encoding="UTF-8"?>
<!-- Generated by org.testng.reporters.JUnitReportReporter -->
<testsuite hostname="WIN-GEDESCREUP8" name="api.bagels.tests.CMBBagelsGETRequests" tests="1" failures="0" timestamp="22 Jan 2018 17:49:46 GMT" time="4.357" errors="0">
  <testcase name="noParamsTest" time="4.357" classname="api.bagels.tests.CMBBagelsGETRequests"/>
</testsuite> <!-- api.bagels.tests.CMBBagelsGETRequests -->
